<?xml version="1.0" encoding="UTF-8"?>
<!-- Generated by org.testng.reporters.JUnitXMLReporter -->
<testsuite hostname="DESKTOP-C4B6720" ignored="0" name="Test1" tests="3" failures="0" timestamp="2022-03-03T13:38:34 IST" time="0.045" errors="0">
  <testcase name="createcustomer" time="0.004" classname="runsuiteforclass.usermanagerex"/>
  <testcase name="Deletecustomer" time="0.001" classname="runsuiteforclass.usermanagerex"/>
  <testcase name="updatecustomer" time="0.001" classname="runsuiteforclass.usermanagerex"/>
</testsuite> <!-- Test1 -->
