<?xml version="1.0" encoding="UTF-8"?>
<!-- Generated by org.testng.reporters.JUnitXMLReporter -->
<testsuite hostname="DESKTOP-C4B6720" ignored="0" name="Test" tests="3" failures="0" timestamp="2022-03-04T19:23:00 IST" time="10.419" errors="0">
  <testcase name="loginActTime" time="3.708" classname="org.TestNGex.ParametertestNG"/>
  <testcase name="loginActTime" time="4.438" classname="org.TestNGex.ParametertestNG"/>
  <testcase name="loginActTime" time="2.226" classname="org.TestNGex.ParametertestNG"/>
</testsuite> <!-- Test -->
