<?xml version="1.0" encoding="UTF-8"?>
<!-- Generated by org.testng.reporters.JUnitXMLReporter -->
<testsuite hostname="DESKTOP-C4B6720" ignored="0" name="Test2" tests="3" failures="0" timestamp="2022-03-03T13:38:34 IST" time="0.045" errors="0">
  <testcase name="createaccount" time="0.005" classname="runsuiteforclass.accountManagerex"/>
  <testcase name="Deleteaccount" time="0.001" classname="runsuiteforclass.accountManagerex"/>
  <testcase name="updateaccount" time="0.0" classname="runsuiteforclass.accountManagerex"/>
</testsuite> <!-- Test2 -->
