<?xml version="1.0" encoding="UTF-8"?>
<!-- Generated by org.testng.reporters.JUnitXMLReporter -->
<testsuite hostname="DESKTOP-C4B6720" ignored="0" name="regression Suite for qa enviroment" tests="3" failures="0" timestamp="2022-03-03T13:26:12 IST" time="0.045" errors="0">
  <testcase name="createaccount" time="0.005" classname="runsuitefortest.AMforqaenviroment"/>
  <testcase name="Deleteaccount" time="0.002" classname="runsuitefortest.AMforqaenviroment"/>
  <testcase name="updateaccount" time="0.001" classname="runsuitefortest.AMforqaenviroment"/>
</testsuite> <!-- regression Suite for qa enviroment -->
